Output folder: C:\Program Files\FileZilla Server
Created uninstaller: C:\Program Files\FileZilla Server\Uninstall.exe
Output folder: C:\Program Files\FileZilla Server
Extract: libfilezilla-34.dll
Extract: libgcc_s_seh-1.dll
Extract: libgmp-10.dll
Extract: libgnutls-30.dll
Extract: libhogweed-6.dll
Extract: libnettle-8.dll
Extract: libstdc++-6.dll
Extract: libwinpthread-1.dll
Extract: zlib1.dll
Extract: COPYING
Extract: NEWS
Output folder: C:\Program Files\FileZilla Server
Extract: filezilla-server-config-converter.exe
Extract: filezilla-server-crypt.exe
Extract: filezilla-server-impersonator.exe
Extract: filezilla-server.exe
Output folder: C:\Program Files\FileZilla Server
Extract: filezilla-server-gui.exe
Extract: libpng16-16.dll
Extract: wxbase30u_gcc_custom.dll
Extract: wxmsw30u_adv_gcc_custom.dll
Extract: wxmsw30u_core_gcc_custom.dll
Create folder: C:\ProgramData\Microsoft\Windows\Start Menu\Programs\FileZilla Server
Create shortcut: C:\ProgramData\Microsoft\Windows\Start Menu\Programs\FileZilla Server\Uninstall FileZilla Server.lnk
Create shortcut: C:\ProgramData\Microsoft\Windows\Start Menu\Programs\FileZilla Server\Administer FileZilla Server.lnk
Create shortcut: C:\ProgramData\Microsoft\Windows\Start Menu\Programs\FileZilla Server\Start FileZilla Server.lnk
Create shortcut: C:\ProgramData\Microsoft\Windows\Start Menu\Programs\FileZilla Server\Stop FileZilla Server.lnk
Create folder: C:\Users\Public\Desktop
Create shortcut: C:\Users\Public\Desktop\Administer FileZilla Server.lnk
Create shortcut: C:\Users\Public\Desktop\Start FileZilla Server.lnk
Create shortcut: C:\Users\Public\Desktop\Stop FileZilla Server.lnk
create service filezilla-server: C:\Program Files\FileZilla Server\filezilla-server.exe 
CheckConfigVersion: got [ok
]
Delete file: C:\Users\Asus\AppData\Local\Temp\nsh23B4.tmp
Crypt output: [--admin.password@index=1 --admin.password.hash=ca0OhN3aEbhY4RP5hVuz+vInm0Vp/aGwkVB3QDE6pPg --admin.password.salt=rcojt+YqgkU3IQO+HMasv7Iu2Stj5yLQ1zSDCZB0lCU --admin.password.iterations=100000]
Create folder: C:\Program Files\FileZilla Server\Logs
=====================================
Take note of the FileZilla Server Administration Interface TLS fingerprints:
SHA256 certificate fingerprint: 40:6b:81:78:6e:a5:27:c0:47:08:60:1e:6d:3a:19:ac:42:09:1f:d5:36:5a:2a:89:93:29:a0:cc:07:aa:dc:86

=====================================
